"Severity","ThreadID","Date","Time","Application","Message"
"ERROR","http-nio-80-exec-1","10/18/2024","16:57:54","","invalid component definition, can't find component [taffy.core.api];lucee.runtime.exp.ExpressionException: invalid component definition, can't find component [taffy.core.api]
	at lucee.runtime.component.ComponentLoader._search(ComponentLoader.java:151)
	at lucee.runtime.component.ComponentLoader.searchComponent(ComponentLoader.java:87)
	at lucee.runtime.ComponentImpl.init(ComponentImpl.java:381)
	at application_cfc$cf.initComponent(/Application.cfc)
	at application_cfc$cf.newInstance(/Application.cfc:1)
	at lucee.runtime.component.ComponentLoader.initComponent(ComponentLoader.java:574)
	at lucee.runtime.component.ComponentLoader._loadComponent(ComponentLoader.java:513)
	at lucee.runtime.component.ComponentLoader.loadComponent(ComponentLoader.java:401)
	at lucee.runtime.listener.ModernAppListener._onRequest(ModernAppListener.java:116)
	at lucee.runtime.listener.MixedAppListener.onRequest(MixedAppListener.java:44)
	at lucee.runtime.PageContextImpl.execute(PageContextImpl.java:2490)
	at lucee.runtime.PageContextImpl._execute(PageContextImpl.java:2476)
	at lucee.runtime.PageContextImpl.executeCFML(PageContextImpl.java:2447)
	at lucee.runtime.engine.Request.exe(Request.java:45)
	at lucee.runtime.engine.CFMLEngineImpl._service(CFMLEngineImpl.java:1198)
	at lucee.runtime.engine.CFMLEngineImpl.serviceCFML(CFMLEngineImpl.java:1144)
	at lucee.loader.engine.CFMLEngineWrapper.serviceCFML(CFMLEngineWrapper.java:97)
	at lucee.loader.servlet.CFMLServlet.service(CFMLServlet.java:51)
..."
"ERROR","http-nio-80-exec-4","10/18/2024","18:10:17","","invalid component definition, can't find component [taffy.core.api];lucee.runtime.exp.ExpressionException: invalid component definition, can't find component [taffy.core.api]
	at lucee.runtime.component.ComponentLoader._search(ComponentLoader.java:151)
	at lucee.runtime.component.ComponentLoader.searchComponent(ComponentLoader.java:87)
	at lucee.runtime.ComponentImpl.init(ComponentImpl.java:381)
	at application_cfc$cf$1.initComponent(/Application.cfc)
	at application_cfc$cf$1.newInstance(/Application.cfc:1)
	at lucee.runtime.component.ComponentLoader.initComponent(ComponentLoader.java:574)
	at lucee.runtime.component.ComponentLoader._loadComponent(ComponentLoader.java:513)
	at lucee.runtime.component.ComponentLoader.loadComponent(ComponentLoader.java:401)
	at lucee.runtime.listener.ModernAppListener._onRequest(ModernAppListener.java:116)
	at lucee.runtime.listener.MixedAppListener.onRequest(MixedAppListener.java:44)
	at lucee.runtime.PageContextImpl.execute(PageContextImpl.java:2490)
	at lucee.runtime.PageContextImpl._execute(PageContextImpl.java:2476)
	at lucee.runtime.PageContextImpl.executeCFML(PageContextImpl.java:2447)
	at lucee.runtime.engine.Request.exe(Request.java:45)
	at lucee.runtime.engine.CFMLEngineImpl._service(CFMLEngineImpl.java:1198)
	at lucee.runtime.engine.CFMLEngineImpl.serviceCFML(CFMLEngineImpl.java:1144)
	at lucee.loader.engine.CFMLEngineWrapper.serviceCFML(CFMLEngineWrapper.java:97)
	at lucee.loader.servlet.CFMLServlet.service(CFMLServlet.java:51)
..."
"ERROR","http-nio-80-exec-6","10/18/2024","18:11:44","","component [Application] has no private function with name [onError];component [Application] has no private function with name [onError]
accessible functions are [ONREQUEST,MAPPINGS,ONERROR,ONREQUESTSTART,ONAPPLICATIONSTART,ONTAFFYREQUEST,NAME];lucee.runtime.exp.ExpressionException: component [Application] has no private function with name [onError]
	at lucee.runtime.type.util.ComponentUtil.notFunction(ComponentUtil.java:690)
	at lucee.runtime.ComponentImpl.onMissingMethod(ComponentImpl.java:626)
	at lucee.runtime.ComponentImpl._call(ComponentImpl.java:595)
	at lucee.runtime.SuperComponent.call(SuperComponent.java:83)
	at lucee.runtime.util.VariableUtilImpl.callFunctionWithoutNamedValues(VariableUtilImpl.java:787)
	at lucee.runtime.PageContextImpl.getFunction(PageContextImpl.java:1773)
	at application_cfc$cf$2.udfCall(/Application.cfc:72)
	at lucee.runtime.type.UDFImpl.implementation(UDFImpl.java:112)
	at lucee.runtime.type.UDFImpl._call(UDFImpl.java:350)
	at lucee.runtime.type.UDFImpl.call(UDFImpl.java:223)
	at lucee.runtime.ComponentImpl._call(ComponentImpl.java:697)
	at lucee.runtime.ComponentImpl._call(ComponentImpl.java:585)
	at lucee.runtime.ComponentImpl.call(ComponentImpl.java:1932)
	at lucee.runtime.listener.ModernAppListener.call(ModernAppListener.java:444)
	at lucee.runtime.listener.ModernAppListener.onError(ModernAppListener.java:432)
	at lucee.runtime.listener.MixedAppListener.onError(MixedAppListener.java:138)
	at lucee.runtime.PageContextImpl.execute(PageContextImpl.java:2518)
	at lucee.runtime.PageContextImpl._execute(PageContextImpl.java:2476)
	at lucee.runtime.PageContextImpl.executeCFML(PageContextImpl.java:2447)
	at lucee.runtime.engine.Request.exe(Request.java:45)
	at lucee.runtime.engine.CFMLEngineImpl._service(CFMLEngineImpl.java:1198)
	at lucee.runtime.engine.CFMLEngineImpl.serviceCFML(CFMLEngineImpl.java:1144)
	at lucee.loader.engine.CFMLEngineWrapper.serviceCFML(CFMLEngineWrapper.java:97)
	at lucee.loader.servlet.CFMLServlet.service(CFMLServlet.java:51)
..."
"ERROR","http-nio-80-exec-8","10/18/2024","18:13:26","","invalid component definition, can't find component [taffy.core.api];lucee.runtime.exp.ExpressionException: invalid component definition, can't find component [taffy.core.api]
	at lucee.runtime.component.ComponentLoader._search(ComponentLoader.java:151)
	at lucee.runtime.component.ComponentLoader.searchComponent(ComponentLoader.java:87)
	at lucee.runtime.ComponentImpl.init(ComponentImpl.java:381)
	at application_cfc$cf$3.initComponent(/Application.cfc)
	at application_cfc$cf$3.newInstance(/Application.cfc:1)
	at lucee.runtime.component.ComponentLoader.initComponent(ComponentLoader.java:574)
	at lucee.runtime.component.ComponentLoader._loadComponent(ComponentLoader.java:513)
	at lucee.runtime.component.ComponentLoader.loadComponent(ComponentLoader.java:401)
	at lucee.runtime.listener.ModernAppListener._onRequest(ModernAppListener.java:116)
	at lucee.runtime.listener.MixedAppListener.onRequest(MixedAppListener.java:44)
	at lucee.runtime.PageContextImpl.execute(PageContextImpl.java:2490)
	at lucee.runtime.PageContextImpl._execute(PageContextImpl.java:2476)
	at lucee.runtime.PageContextImpl.executeCFML(PageContextImpl.java:2447)
	at lucee.runtime.engine.Request.exe(Request.java:45)
	at lucee.runtime.engine.CFMLEngineImpl._service(CFMLEngineImpl.java:1198)
	at lucee.runtime.engine.CFMLEngineImpl.serviceCFML(CFMLEngineImpl.java:1144)
	at lucee.loader.engine.CFMLEngineWrapper.serviceCFML(CFMLEngineWrapper.java:97)
	at lucee.loader.servlet.CFMLServlet.service(CFMLServlet.java:51)
..."
"ERROR","http-nio-80-exec-4","10/31/2024","16:07:33","","Column count doesn't match value count at row 1;lucee.runtime.exp.DatabaseException: Column count doesn't match value count at row 1
	at com.mysql.cj.jdbc.exceptions.SQLError.createSQLException(SQLError.java:129)
	at com.mysql.cj.jdbc.exceptions.SQLError.createSQLException(SQLError.java:97)
	at com.mysql.cj.jdbc.exceptions.SQLExceptionsMapping.translateException(SQLExceptionsMapping.java:122)
	at com.mysql.cj.jdbc.ClientPreparedStatement.executeInternal(ClientPreparedStatement.java:953)
	at com.mysql.cj.jdbc.ClientPreparedStatement.execute(ClientPreparedStatement.java:370)
	at lucee.runtime.type.util.QueryUtil.execute(QueryUtil.java:328)
	at lucee.runtime.type.QueryImpl.execute(QueryImpl.java:296)
	at lucee.runtime.type.QueryImpl.<init>(QueryImpl.java:235)
	at lucee.runtime.tag.Query.executeDatasoure(Query.java:1134)
	at lucee.runtime.tag.Query._doEndTag(Query.java:699)
	at lucee.runtime.tag.Query.doEndTag(Query.java:565)
	at users_cfc$cf$g.udfCall(/core/users.cfc:32)
	at lucee.runtime.type.UDFImpl.implementation(UDFImpl.java:112)
	at lucee.runtime.type.UDFImpl._call(UDFImpl.java:350)
	at lucee.runtime.type.UDFImpl.call(UDFImpl.java:223)
	at lucee.runtime.ComponentImpl._call(ComponentImpl.java:697)
	at lucee.runtime.ComponentImpl._call(ComponentImpl.java:585)
	at lucee.runtime.ComponentImpl.call(ComponentImpl.java:1932)
	at lucee.runtime.util.VariableUtilImpl.callFunctionWithoutNamedValues(VariableUtilImpl.java:787)
	at lucee.runtime.PageContextImpl.getFunction(PageContextImpl.java:1773)
	at users.usersapi_cfc$cf$1.udfCall(/resources/users/UsersAPI.cfc:58)
	at lucee.runtime.type.UDFImpl.implementation(UDFImpl.java:112)
	at lucee.runtime.type.UDFImpl._call(UDFImpl.java:350)
	at lucee.runtime.type.UDFImpl.callWithNamedValues(UDFImpl.java:213)
	at lucee.runtime.ComponentImpl._call(ComponentImpl.java:698)
	at lucee.runtime.ComponentImpl._call(ComponentImpl.java:585)
	at lucee.runtime.ComponentImpl.callWithNamedValues(ComponentImpl.java:1946)
	at lucee.runtime.tag.Invoke.doComponent(Invoke.java:209)
	at lucee.runtime.tag.Invoke.doEndTag(Invoke.java:186)
	at taffy.core.api_cfc$cf.udfCall2(/taffy/core/api.cfc:368)
	at taffy.core.api_cfc$cf.udfCall(/taffy/core/api.cfc)
	at lucee.runtime.type.UDFImpl.implementation(UDFImpl.java:112)
	at lucee.runtime.type.UDFImpl._call(UDFImpl.java:350)
	at lucee.runtime.type.UDFImpl.call(UDFImpl.java:223)
	at lucee.runtime.ComponentImpl._call(ComponentImpl.java:697)
	at lucee.runtime.ComponentImpl._call(ComponentImpl.java:593)
	at lucee.runtime.SuperComponent.call(SuperComponent.java:83)
	at lucee.runtime.util.VariableUtilImpl.callFunctionWithoutNamedValues(VariableUtilImpl.java:787)
	at lucee.runtime.PageContextImpl.getFunction(PageContextImpl.java:1773)
	at application_cfc$cf.udfCall(/Application.cfc:63)
	at lucee.runtime.type.UDFImpl.implementation(UDFImpl.java:112)
	at lucee.runtime.type.UDFImpl._call(UDFImpl.java:350)
	at lucee.runtime.type.UDFImpl.call(UDFImpl.java:223)
	at lucee.runtime.ComponentImpl._call(ComponentImpl.java:697)
	at lucee.runtime.ComponentImpl._call(ComponentImpl.java:585)
	at lucee.runtime.ComponentImpl.call(ComponentImpl.java:1932)
	at lucee.runtime.listener.ModernAppListener.call(ModernAppListener.java:444)
	at lucee.runtime.listener.ModernAppListener._onRequest(ModernAppListener.java:218)
	at lucee.runtime.listener.MixedAppListener.onRequest(MixedAppListener.java:44)
	at lucee.runtime.PageContextImpl.execute(PageContextImpl.java:2490)
	at lucee.runtime.PageContextImpl._execute(PageContextImpl.java:2476)
	at lucee.runtime.PageContextImpl.executeCFML(PageContextImpl.java:2447)
	at lucee.runtime.engine.Request.exe(Request.java:45)
	at lucee.runtime.engine.CFMLEngineImpl._service(CFMLEngineImpl.java:1198)
	at lucee.runtime.engine.CFMLEngineImpl.serviceCFML(CFMLEngineImpl.java:1144)
	at lucee.loader.engine.CFMLEngineWrapper.serviceCFML(CFMLEngineWrapper.java:97)
	at lucee.loader.servlet.CFMLServlet.service(CFMLServlet.java:51)
..."
